Building entries:...
$PBOPREFIX$.txt : configuring
config.cpp 
env_land_co.paa 
env_land_co.png 
lens.rvmat 
lensfinal_ca.paa 
lensfinal_ca.png 
m50.rvmat 
m50_co.paa 
m50_co.png 
M50_DOLGRED.p3d 
tempUI.paa 
tempUI.png 
env_land_co.paa 
lens.rvmat 
lensfinal_ca.paa 
lensfinal_dolg.psd 
lensfinal_smdi.paa 
m50.rvmat 
m50_co.paa 
m50_co.png 
m50_co_dolg.psd 
m50_nohq.paa 
m50_smdi.paa 
M50_DOLG.p3d 
tempUI.paa 
tempUI.png 
env_land_co.paa 
lens.rvmat 
lensfinal_ca.paa 
lensfinal_ca.png 
lensfinal_smdi.paa 
m50.rvmat 
m50_co.paa 
m50_co.png 
m50_co_main.psd 
m50_nohq.paa 
m50_nohq.png 
m50_smdi.paa 
m50_smdi.png 
M50_GM.p3d 
tempUI.paa 
tempUI.png 
env_land_co.paa 
env_land_co.png 
lens.rvmat 
lensfinal_ca.paa 
lensfinal_ca.png 
m50.rvmat 
m50_co.paa 
m50_co.png 
m50_co_monolyth.psd 
m50_nohq.paa 
m50_nohq.png 
m50_smdi.paa 
m50_smdi.png 
M50_MONOLYTH.p3d 
tempUI.paa 
tempUI.png 
$PBOPREFIX$.txt : ignoring child prefix.txt
config.cpp 
env_land_co.paa 
lens.rvmat 
lensfinal_ca.paa 
m50.rvmat 
m50_co.paa 
M50_DOLGRED.p3d 
tempUI.paa 
env_land_co.paa 
lens.rvmat 
lensfinal_ca.paa 
lensfinal_dolg.psd 
lensfinal_smdi.paa 
m50.rvmat 
m50_co.paa 
m50_co_dolg.psd 
m50_nohq.paa 
m50_smdi.paa 
M50_DOLG.p3d 
tempUI.paa 
env_land_co.paa 
lens.rvmat 
lensfinal_ca.paa 
lensfinal_smdi.paa 
m50.rvmat 
m50_co.paa 
m50_co_main.psd 
m50_nohq.paa 
m50_smdi.paa 
M50_GM.p3d 
tempUI.paa 
env_land_co.paa 
lens.rvmat 
lensfinal_ca.paa 
m50.rvmat 
m50_co.paa 
m50_co_monolyth.psd 
m50_nohq.paa 
m50_smdi.paa 
M50_MONOLYTH.p3d 
tempUI.paa 
readme.txt 
rbcsw.pbo 
readme.txt 
Using folder's prefix:rbcsw 
/*Creating ArmA style pbo:*/
Prefix = rbcsw
config.bin
dlgr\Data\env_land_co.paa
dlgr\Data\env_land_co.png
dlgr\Data\lens.rvmat
dlgr\Data\lensfinal_ca.paa
dlgr\Data\lensfinal_ca.png
dlgr\Data\m50.rvmat
dlgr\Data\m50_co.paa
dlgr\Data\m50_co.png
dlgr\M50_DOLGRED.p3d
dlgr\UI\tempUI.paa
dlgr\UI\tempUI.png
dolg\Data\env_land_co.paa
dolg\Data\lens.rvmat
dolg\Data\lensfinal_ca.paa
dolg\Data\lensfinal_dolg.psd
dolg\Data\lensfinal_smdi.paa
dolg\Data\m50.rvmat
dolg\Data\m50_co.paa
dolg\Data\m50_co.png
dolg\Data\m50_co_dolg.psd
dolg\Data\m50_nohq.paa
dolg\Data\m50_smdi.paa
dolg\M50_DOLG.p3d
dolg\UI\tempUI.paa
dolg\UI\tempUI.png
mask\Data\env_land_co.paa
mask\Data\lens.rvmat
mask\Data\lensfinal_ca.paa
mask\Data\lensfinal_ca.png
mask\Data\lensfinal_smdi.paa
mask\Data\m50.rvmat
mask\Data\m50_co.paa
mask\Data\m50_co.png
mask\Data\m50_co_main.psd
mask\Data\m50_nohq.paa
mask\Data\m50_nohq.png
mask\Data\m50_smdi.paa
mask\Data\m50_smdi.png
mask\M50_GM.p3d
mask\UI\tempUI.paa
mask\UI\tempUI.png
mnlt\Data\env_land_co.paa
mnlt\Data\env_land_co.png
mnlt\Data\lens.rvmat
mnlt\Data\lensfinal_ca.paa
mnlt\Data\lensfinal_ca.png
mnlt\Data\m50.rvmat
mnlt\Data\m50_co.paa
mnlt\Data\m50_co.png
mnlt\Data\m50_co_monolyth.psd
mnlt\Data\m50_nohq.paa
mnlt\Data\m50_nohq.png
mnlt\Data\m50_smdi.paa
mnlt\Data\m50_smdi.png
mnlt\M50_MONOLYTH.p3d
mnlt\UI\tempUI.paa
mnlt\UI\tempUI.png
rbcsw\rbcsw\config.bin
rbcsw\rbcsw\dlgr\Data\env_land_co.paa
rbcsw\rbcsw\dlgr\Data\lens.rvmat
rbcsw\rbcsw\dlgr\Data\lensfinal_ca.paa
rbcsw\rbcsw\dlgr\Data\m50.rvmat
rbcsw\rbcsw\dlgr\Data\m50_co.paa
rbcsw\rbcsw\dlgr\M50_DOLGRED.p3d
rbcsw\rbcsw\dlgr\UI\tempUI.paa
rbcsw\rbcsw\dolg\Data\env_land_co.paa
rbcsw\rbcsw\dolg\Data\lens.rvmat
rbcsw\rbcsw\dolg\Data\lensfinal_ca.paa
rbcsw\rbcsw\dolg\Data\lensfinal_dolg.psd
rbcsw\rbcsw\dolg\Data\lensfinal_smdi.paa
rbcsw\rbcsw\dolg\Data\m50.rvmat
rbcsw\rbcsw\dolg\Data\m50_co.paa
rbcsw\rbcsw\dolg\Data\m50_co_dolg.psd
rbcsw\rbcsw\dolg\Data\m50_nohq.paa
rbcsw\rbcsw\dolg\Data\m50_smdi.paa
rbcsw\rbcsw\dolg\M50_DOLG.p3d
rbcsw\rbcsw\dolg\UI\tempUI.paa
rbcsw\rbcsw\mask\Data\env_land_co.paa
rbcsw\rbcsw\mask\Data\lens.rvmat
rbcsw\rbcsw\mask\Data\lensfinal_ca.paa
rbcsw\rbcsw\mask\Data\lensfinal_smdi.paa
rbcsw\rbcsw\mask\Data\m50.rvmat
rbcsw\rbcsw\mask\Data\m50_co.paa
rbcsw\rbcsw\mask\Data\m50_co_main.psd
rbcsw\rbcsw\mask\Data\m50_nohq.paa
rbcsw\rbcsw\mask\Data\m50_smdi.paa
rbcsw\rbcsw\mask\M50_GM.p3d
rbcsw\rbcsw\mask\UI\tempUI.paa
rbcsw\rbcsw\mnlt\Data\env_land_co.paa
rbcsw\rbcsw\mnlt\Data\lens.rvmat
rbcsw\rbcsw\mnlt\Data\lensfinal_ca.paa
rbcsw\rbcsw\mnlt\Data\m50.rvmat
rbcsw\rbcsw\mnlt\Data\m50_co.paa
rbcsw\rbcsw\mnlt\Data\m50_co_monolyth.psd
rbcsw\rbcsw\mnlt\Data\m50_nohq.paa
rbcsw\rbcsw\mnlt\Data\m50_smdi.paa
rbcsw\rbcsw\mnlt\M50_MONOLYTH.p3d
rbcsw\rbcsw\mnlt\UI\tempUI.paa
rbcsw\rbcsw\readme.txt
rbcsw.pbo
readme.txt
Writing data blocks: ......................................................................................................
Written sha 'CE5B8E7C9FE8EB077242D0091E6EED6BC18F3CAD'

